<?xml version="1.0" encoding="UTF-8"?>
<testng-results ignored="0" total="1" passed="1" failed="0" skipped="0">
  <reporter-output>
  </reporter-output>
  <suite started-at="2024-04-30T15:20:53 IST" name="Suite" finished-at="2024-04-30T15:21:20 IST" duration-ms="27341">
    <groups>
    </groups>
    <test started-at="2024-04-30T15:20:53 IST" name="Test" finished-at="2024-04-30T15:21:20 IST" duration-ms="27341">
      <class name="TestCaseFile.TestCaseClass">
        <test-method is-config="true" signature="browserLaunch()[pri:0, instance:TestCaseFile.TestCaseClass@4212a0c8]" started-at="2024-04-30T15:20:53 IST" name="browserLaunch" finished-at="2024-04-30T15:21:13 IST" duration-ms="19581" status="PASS">
          <reporter-output>
          </reporter-output>
        </test-method> <!-- browserLaunch -->
        <test-method signature="login(java.lang.String,java.lang.String)[pri:0, instance:TestCaseFile.TestCaseClass@4212a0c8]" started-at="2024-04-30T15:21:16 IST" name="login" data-provider="DataPro" finished-at="2024-04-30T15:21:20 IST" duration-ms="4692" status="PASS">
          <params>
            <param index="0">
              <value>
                <![CDATA[student]]>
              </value>
            </param>
            <param index="1">
              <value>
                <![CDATA[Password123]]>
              </value>
            </param>
          </params>
          <reporter-output>
          </reporter-output>
        </test-method> <!-- login -->
      </class> <!-- TestCaseFile.TestCaseClass -->
    </test> <!-- Test -->
  </suite> <!-- Suite -->
</testng-results>
